{
  "stats": {
    "suites": 1,
    "tests": 1,
    "passes": 1,
    "pending": 0,
    "failures": 0,
    "start": "2024-09-10T18:05:14.792Z",
    "end": "2024-09-10T18:05:21.429Z",
    "duration": 6637,
    "testsRegistered": 1,
    "passPercent": 100,
    "pendingPercent": 0,
    "other": 0,
    "hasOther": false,
    "skipped": 0,
    "hasSkipped": false
  },
  "results": [
    {
      "uuid": "43644ed3-bbdf-4101-86e0-9a56ada717a4",
      "title": "",
      "fullFile": "C:\\Users\\victo\\Kiosco_Selenium\\tests\\login.spec.js",
      "file": "\\tests\\login.spec.js",
      "beforeHooks": [],
      "afterHooks": [],
      "tests": [],
      "suites": [
        {
          "uuid": "b14f0dd1-9b9c-4c24-8dc5-5764abfb26db",
          "title": "Agregar un producto tech al carrito de ML",
          "fullFile": "C:\\Users\\victo\\Kiosco_Selenium\\tests\\login.spec.js",
          "file": "\\tests\\login.spec.js",
          "beforeHooks": [],
          "afterHooks": [],
          "tests": [
            {
              "title": "deberia añadir el producto correctamente",
              "fullTitle": "Agregar un producto tech al carrito de ML deberia añadir el producto correctamente",
              "timedOut": false,
              "duration": 6627,
              "state": "passed",
              "speed": "slow",
              "pass": true,
              "fail": false,
              "pending": false,
              "context": null,
              "code": "//el manejador del borwser siempre va\nlet driver = await new Builder().forBrowser(Browser.CHROME).build();\nconst assert = require('assert');\n// visitamos la pagina\nawait driver.get('https://www.mercadolibre.com.mx/')\n// navegamos al smartphone\nawait driver.findElement(By.name('as_word')).sendKeys('pura 70 pro', Key.ENTER)\n//lo seleccionamos\nawait driver.findElement(By.xpath(\"//h2[@class='ui-search-item__title' and contains(text(), 'Celular Huawei Pura70 12 Gb + 256 Gb Blanco + Freebuds Pro 3')]\")).click();\n    // lo validamos\n    const title = await driver.findElement(By.css('.ui-pdp-title')); // definimos el titulo\n    const titleText = await title.getText(); // mandamos llamar al texto\n    assert.strictEqual(titleText, 'Celular Huawei Pura70 12 Gb + 256 Gb Blanco + Freebuds Pro 3');// hacemos la asercion\n    //añadimos al carrito\n    const button = await driver.findElement(By.className(\"andes-button andes-spinner__icon-base ui-pdp-action--secondary andes-button--quiet\"));\n    await driver.executeScript(\"arguments[0].click();\", button);\n    \n    // como es una simulacion en ML confirmamos el click mediante la aparicion del modal\n    const modal = await driver.findElement(By.xpath(\"//h1[@class='center-card__title' and contains(text(), '¡Hola! Para agregar al carrito, ingresa a tu cuenta')]\"))\n    const modalText = await modal.getText();\n    assert.strictEqual(modalText, '¡Hola! Para agregar al carrito, ingresa a tu cuenta')\n// al final siempre cerramos la instancia abierta\nawait driver.quit()",
              "err": {},
              "uuid": "d1d22e3a-43a7-4a52-9045-e6c95971265a",
              "parentUUID": "b14f0dd1-9b9c-4c24-8dc5-5764abfb26db",
              "isHook": false,
              "skipped": false
            }
          ],
          "suites": [],
          "passes": [
            "d1d22e3a-43a7-4a52-9045-e6c95971265a"
          ],
          "failures": [],
          "pending": [],
          "skipped": [],
          "duration": 6627,
          "root": false,
          "rootEmpty": false,
          "_timeout": 0
        }
      ],
      "passes": [],
      "failures": [],
      "pending": [],
      "skipped": [],
      "duration": 0,
      "root": true,
      "rootEmpty": true,
      "_timeout": 0
    }
  ],
  "meta": {
    "mocha": {
      "version": "10.7.3"
    },
    "mochawesome": {
      "options": {
        "quiet": false,
        "reportFilename": "TestReport",
        "saveHtml": true,
        "saveJson": true,
        "consoleReporter": "spec",
        "useInlineDiffs": false,
        "code": true
      },
      "version": "7.1.3"
    },
    "marge": {
      "options": {
        "reportDir": "reports",
        "reportFilename": "TestReport"
      },
      "version": "6.2.0"
    }
  }
}